ffmpeg version N-101191-g51a9f487ae Copyright (c) 2000-2021 the FFmpeg developers
  built with gcc 9.3-win32 (GCC) 20200320
  configuration: --prefix=/ffbuild/prefix --pkg-config-flags=--static --pkg-config=pkg-config --cross-prefix=x86_64-w64-mingw32- --arch=x86_64 --target-os=mingw32 --enable-gpl --enable-version3 --disable-debug --enable-shared --disable-static --disable-w32threads --enable-pthreads --enable-iconv --enable-zlib --enable-libxml2 --enable-libfreetype --enable-libfribidi --enable-gmp --enable-lzma --enable-fontconfig --enable-opencl --enable-libvmaf --disable-vulkan --enable-libvorbis --enable-amf --enable-libaom --enable-avisynth --enable-libdav1d --enable-libdavs2 --enable-ffnvcodec --enable-cuda-llvm --disable-libglslang --enable-libass --enable-libbluray --enable-libmp3lame --enable-libopus --enable-libtheora --enable-libvpx --enable-libwebp --disable-lv2 --enable-libmfx --enable-libopencore-amrnb --enable-libopencore-amrwb --enable-libopenjpeg --enable-librav1e --enable-librubberband --enable-schannel --enable-sdl2 --enable-libsoxr --enable-libsrt --enable-libsvtav1 --enable-libtwolame --enable-libuavs3d --enable-libvidstab --enable-libx264 --enable-libx265 --enable-libxavs2 --enable-libxvid --enable-libzimg --extra-cflags=-DLIBTWOLAME_STATIC --extra-cxxflags= --extra-ldflags=-pthread --extra-libs=-lgomp
  libavutil      56. 65.100 / 56. 65.100
  libavcodec     58.125.100 / 58.125.100
  libavformat    58. 68.100 / 58. 68.100
  libavdevice    58. 12.100 / 58. 12.100
  libavfilter     7.107.100 /  7.107.100
  libswscale      5.  8.100 /  5.  8.100
  libswresample   3.  8.100 /  3.  8.100
  libpostproc    55.  8.100 / 55.  8.100
Splitting the commandline.
Reading option '-v' ... matched as option 'v' (set logging level) with argument 'debug'.
Reading option '-nostdin' ... matched as option 'stdin' (enable or disable interaction on standard input) with argument 0.
Reading option '-progress' ... matched as option 'progress' (write program-readable progress information) with argument 'C:/temp/KritaFFmpegProgress.jXXMeG'.
Reading option '-r' ... matched as option 'r' (set frame rate (Hz value, fraction or abbreviation)) with argument '24'.
Reading option '-start_number' ... matched as AVOption 'start_number' with argument '0'.
Reading option '-i' ... matched as input url with argument 'E:/UnityStuff/GitHub/VSClone/MyArt/DemoVids/PlayerWalkUp%04d.png'.
Reading option '-crf' ... matched as AVOption 'crf' with argument '23'.
Reading option '-preset' ... matched as AVOption 'preset' with argument 'medium'.
Reading option '-profile:v' ... matched as option 'profile' (set profile) with argument 'baseline'.
Reading option '-pix_fmt' ... matched as option 'pix_fmt' (set pixel format) with argument 'yuv420p'.
Reading option '-y' ... matched as option 'y' (overwrite output files) with argument '1'.
Reading option 'E:/UnityStuff/GitHub/VSClone/MyArt/DemoVids/RunEnemyAnimationsTopRight.mp4' ... matched as output url.
Finished splitting the commandline.
Parsing a group of options: global .
Applying option v (set logging level) with argument debug.
Applying option nostdin (enable or disable interaction on standard input) with argument 0.
Applying option progress (write program-readable progress information) with argument C:/temp/KritaFFmpegProgress.jXXMeG.
[file @ 000001d70cbae300] Setting default whitelist 'file,crypto,data'
Applying option y (overwrite output files) with argument 1.
Successfully parsed a group of options.
Parsing a group of options: input url E:/UnityStuff/GitHub/VSClone/MyArt/DemoVids/PlayerWalkUp%04d.png.
Applying option r (set frame rate (Hz value, fraction or abbreviation)) with argument 24.
Successfully parsed a group of options.
Opening an input file: E:/UnityStuff/GitHub/VSClone/MyArt/DemoVids/PlayerWalkUp%04d.png.
[image2 @ 000001d70cbee740] Opening 'E:/UnityStuff/GitHub/VSClone/MyArt/DemoVids/PlayerWalkUp0000.png' for reading
[file @ 000001d70cc6a300] Setting default whitelist 'file,crypto,data'
[AVIOContext @ 000001d70cbf9040] Statistics: 206578 bytes read, 0 seeks
[image2 @ 000001d70cbee740] Opening 'E:/UnityStuff/GitHub/VSClone/MyArt/DemoVids/PlayerWalkUp0001.png' for reading
[file @ 000001d70cbf9080] Setting default whitelist 'file,crypto,data'
[AVIOContext @ 000001d70cc2bac0] Statistics: 206578 bytes read, 0 seeks
[image2 @ 000001d70cbee740] Opening 'E:/UnityStuff/GitHub/VSClone/MyArt/DemoVids/PlayerWalkUp0002.png' for reading
[file @ 000001d70cc2ba40] Setting default whitelist 'file,crypto,data'
[AVIOContext @ 000001d7108b2840] Statistics: 206974 bytes read, 0 seeks
[image2 @ 000001d70cbee740] Opening 'E:/UnityStuff/GitHub/VSClone/MyArt/DemoVids/PlayerWalkUp0003.png' for reading
[file @ 000001d70cc2ba40] Setting default whitelist 'file,crypto,data'
[AVIOContext @ 000001d70cc6a380] Statistics: 206974 bytes read, 0 seeks
[image2 @ 000001d70cbee740] Opening 'E:/UnityStuff/GitHub/VSClone/MyArt/DemoVids/PlayerWalkUp0004.png' for reading
[file @ 000001d70cc6a380] Setting default whitelist 'file,crypto,data'
[AVIOContext @ 000001d70cc6a540] Statistics: 204308 bytes read, 0 seeks
[image2 @ 000001d70cbee740] Opening 'E:/UnityStuff/GitHub/VSClone/MyArt/DemoVids/PlayerWalkUp0005.png' for reading
[file @ 000001d70cc6a540] Setting default whitelist 'file,crypto,data'
[AVIOContext @ 000001d70cc6a780] Statistics: 204308 bytes read, 0 seeks
[image2 @ 000001d70cbee740] Opening 'E:/UnityStuff/GitHub/VSClone/MyArt/DemoVids/PlayerWalkUp0006.png' for reading
[file @ 000001d70cc6a780] Setting default whitelist 'file,crypto,data'
[AVIOContext @ 000001d70cc6a940] Statistics: 205735 bytes read, 0 seeks
[image2 @ 000001d70cbee740] Opening 'E:/UnityStuff/GitHub/VSClone/MyArt/DemoVids/PlayerWalkUp0007.png' for reading
[file @ 000001d70cc6a940] Setting default whitelist 'file,crypto,data'
[AVIOContext @ 000001d70cc6b300] Statistics: 205735 bytes read, 0 seeks
[image2 @ 000001d70cbee740] Opening 'E:/UnityStuff/GitHub/VSClone/MyArt/DemoVids/PlayerWalkUp0008.png' for reading
[file @ 000001d70cc6b300] Setting default whitelist 'file,crypto,data'
[AVIOContext @ 000001d70cc6b400] Statistics: 206282 bytes read, 0 seeks
[image2 @ 000001d70cbee740] Opening 'E:/UnityStuff/GitHub/VSClone/MyArt/DemoVids/PlayerWalkUp0009.png' for reading
[file @ 000001d70cc6b3c0] Setting default whitelist 'file,crypto,data'
[AVIOContext @ 000001d70cc6b480] Statistics: 206282 bytes read, 0 seeks
[image2 @ 000001d70cbee740] Opening 'E:/UnityStuff/GitHub/VSClone/MyArt/DemoVids/PlayerWalkUp0010.png' for reading
[file @ 000001d70cc6b440] Setting default whitelist 'file,crypto,data'
[AVIOContext @ 000001d70cc6b540] Statistics: 205906 bytes read, 0 seeks
[image2 @ 000001d70cbee740] Opening 'E:/UnityStuff/GitHub/VSClone/MyArt/DemoVids/PlayerWalkUp0011.png' for reading
[file @ 000001d70cc6b440] Setting default whitelist 'file,crypto,data'
[AVIOContext @ 000001d70cc6b540] Statistics: 205906 bytes read, 0 seeks
Input #0, image2, from 'E:/UnityStuff/GitHub/VSClone/MyArt/DemoVids/PlayerWalkUp%04d.png':
  Duration: 00:00:00.48, start: 0.000000, bitrate: N/A
  Stream #0:0, 12, 1/25: Video: png, 1 reference frame, rgba(pc), 3840x2160 [SAR 7874:7874 DAR 16:9], 0/1, 25 fps, 25 tbr, 25 tbn, 25 tbc
Successfully opened the file.
Parsing a group of options: output url E:/UnityStuff/GitHub/VSClone/MyArt/DemoVids/RunEnemyAnimationsTopRight.mp4.
Applying option profile:v (set profile) with argument baseline.
Applying option pix_fmt (set pixel format) with argument yuv420p.
Successfully parsed a group of options.
Opening an output file: E:/UnityStuff/GitHub/VSClone/MyArt/DemoVids/RunEnemyAnimationsTopRight.mp4.
[file @ 000001d70cc69700] Setting default whitelist 'file,crypto,data'
Successfully opened the file.
detected 12 logical cores
Stream mapping:
  Stream #0:0 -> #0:0 (png (native) -> h264 (libx264))
cur_dts is invalid st:0 (0) [init:0 i_done:0 finish:0] (this is harmless if it occurs once at the start per stream)
    Last message repeated 12 times
[graph 0 input from stream 0:0 @ 000001d70cc6b300] Setting 'video_size' to value '3840x2160'
[graph 0 input from stream 0:0 @ 000001d70cc6b300] Setting 'pix_fmt' to value '26'
[graph 0 input from stream 0:0 @ 000001d70cc6b300] Setting 'time_base' to value '1/24'
[graph 0 input from stream 0:0 @ 000001d70cc6b300] Setting 'pixel_aspect' to value '7874/7874'
[graph 0 input from stream 0:0 @ 000001d70cc6b300] Setting 'frame_rate' to value '24/1'
[graph 0 input from stream 0:0 @ 000001d70cc6b300] w:3840 h:2160 pixfmt:rgba tb:1/24 fr:24/1 sar:7874/7874
[format @ 000001d70cbf78c0] Setting 'pix_fmts' to value 'yuv420p'
[auto_scaler_0 @ 000001d710afea80] Setting 'flags' to value 'bicubic'
[auto_scaler_0 @ 000001d710afea80] w:iw h:ih flags:'bicubic' interl:0
[format @ 000001d70cbf78c0] auto-inserting filter 'auto_scaler_0' between the filter 'Parsed_null_0' and the filter 'format'
[AVFilterGraph @ 000001d70cc6e1c0] query_formats: 4 queried, 2 merged, 1 already done, 0 delayed
[auto_scaler_0 @ 000001d710afea80] w:3840 h:2160 fmt:rgba sar:7874/7874 -> w:3840 h:2160 fmt:yuv420p sar:1/1 flags:0x4
[libx264 @ 000001d710ab3100] using mv_range_thread = 56
[libx264 @ 000001d710ab3100] using SAR=1/1
[libx264 @ 000001d710ab3100] using cpu capabilities: MMX2 SSE2Fast SSSE3 SSE4.2 AVX FMA3 BMI2 AVX2
[libx264 @ 000001d710ab3100] profile Constrained Baseline, level 5.1, 4:2:0, 8-bit
[libx264 @ 000001d710ab3100] 264 - core 161 - H.264/MPEG-4 AVC codec - Copyleft 2003-2021 - http://www.videolan.org/x264.html - options: cabac=0 ref=3 deblock=1:0:0 analyse=0x1:0x111 me=hex subme=7 psy=1 psy_rd=1.00:0.00 mixed_ref=1 me_range=16 chroma_me=1 trellis=1 8x8dct=0 cqm=0 deadzone=21,11 fast_pskip=1 chroma_qp_offset=-2 threads=18 lookahead_threads=3 sliced_threads=0 nr=0 decimate=1 interlaced=0 bluray_compat=0 constrained_intra=0 bframes=0 weightp=0 keyint=250 keyint_min=24 scenecut=40 intra_refresh=0 rc_lookahead=40 rc=crf mbtree=1 crf=23.0 qcomp=0.60 qpmin=0 qpmax=69 qpstep=4 ip_ratio=1.40 aq=1:1.00
Output #0, mp4, to 'E:/UnityStuff/GitHub/VSClone/MyArt/DemoVids/RunEnemyAnimationsTopRight.mp4':
  Metadata:
    encoder         : Lavf58.68.100
  Stream #0:0, 0, 1/12288: Video: h264, 1 reference frame (avc1 / 0x31637661), yuv420p(tv, progressive), 3840x2160 (0x0) [SAR 1:1 DAR 16:9], 0/1, q=2-31, 24 fps, 12288 tbn
    Metadata:
      encoder         : Lavc58.125.100 libx264
    Side data:
      cpb: bitrate max/min/avg: 0/0/0 buffer size: 0 vbv_delay: N/A
Clipping frame in rate conversion by 0.000008
frame=    1 fps=0.0 q=0.0 size=       0kB time=00:00:00.00 bitrate=N/A speed=   0x    cur_dts is invalid st:0 (0) [init:1 i_done:0 finish:0] (this is harmless if it occurs once at the start per stream)
    Last message repeated 12 times
[out_0_0 @ 000001d70cc2b9c0] EOF on sink link out_0_0:default.
No more output streams to write to, finishing.
[libx264 @ 000001d710ab3100] frame=   0 QP=9.32 NAL=3 Slice:I Poc:0   I:32400 P:0    SKIP:0    size=38248 bytes
[libx264 @ 000001d710ab3100] frame=   1 QP=12.99 NAL=2 Slice:P Poc:2   I:12   P:45   SKIP:32343 size=325 bytes
[libx264 @ 000001d710ab3100] frame=   2 QP=10.70 NAL=2 Slice:P Poc:4   I:23   P:316  SKIP:32061 size=2216 bytes
[libx264 @ 000001d710ab3100] frame=   3 QP=5.46 NAL=2 Slice:P Poc:6   I:10   P:9    SKIP:32381 size=78 bytes
[libx264 @ 000001d710ab3100] frame=   4 QP=16.77 NAL=2 Slice:P Poc:8   I:136  P:598  SKIP:31666 size=5210 bytes
[libx264 @ 000001d710ab3100] frame=   5 QP=7.41 NAL=2 Slice:P Poc:10  I:15   P:21   SKIP:32364 size=156 bytes
[libx264 @ 000001d710ab3100] frame=   6 QP=12.50 NAL=2 Slice:P Poc:12  I:58   P:481  SKIP:31861 size=3189 bytes
[libx264 @ 000001d710ab3100] frame=   7 QP=7.31 NAL=2 Slice:P Poc:14  I:11   P:10   SKIP:32379 size=83 bytes
[libx264 @ 000001d710ab3100] frame=   8 QP=19.15 NAL=2 Slice:P Poc:16  I:8    P:305  SKIP:32087 size=1566 bytes
[libx264 @ 000001d710ab3100] frame=   9 QP=10.70 NAL=2 Slice:P Poc:18  I:3    P:3    SKIP:32394 size=43 bytes
[libx264 @ 000001d710ab3100] frame=  10 QP=18.69 NAL=2 Slice:P Poc:20  I:107  P:536  SKIP:31757 size=4400 bytes
[libx264 @ 000001d710ab3100] frame=  11 QP=13.00 NAL=2 Slice:P Poc:22  I:18   P:13   SKIP:32369 size=103 bytes
frame=   12 fps=0.0 q=-1.0 Lsize=      56kB time=00:00:00.45 bitrate= 997.1kbits/s speed=0.522x    
[AVIOContext @ 000001d70cbee600] Statistics: 0 seeks, 2 writeouts
video:55kB audio:0kB subtitle:0kB other streams:0kB global headers:0kB muxing overhead: 1.604069%
Input file #0 (E:/UnityStuff/GitHub/VSClone/MyArt/DemoVids/PlayerWalkUp%04d.png):
  Input stream #0:0 (video): 12 packets read (2471566 bytes); 12 frames decoded; 
  Total: 12 packets (2471566 bytes) demuxed
Output file #0 (E:/UnityStuff/GitHub/VSClone/MyArt/DemoVids/RunEnemyAnimationsTopRight.mp4):
  Output stream #0:0 (video): 12 frames encoded; 12 packets muxed (56232 bytes); 
  Total: 12 packets (56232 bytes) muxed
12 frames successfully decoded, 0 decoding errors
[AVIOContext @ 000001d70cc69800] Statistics: 2 seeks, 4 writeouts
[libx264 @ 000001d710ab3100] frame I:1     Avg QP: 9.32  size: 38248
[libx264 @ 000001d710ab3100] frame P:11    Avg QP:12.24  size:  1579
[libx264 @ 000001d710ab3100] mb I  I16..4: 98.4%  0.0%  1.6%
[libx264 @ 000001d710ab3100] mb P  I16..4:  0.1%  0.0%  0.0%  P16..4:  0.5%  0.1%  0.1%  0.0%  0.0%    skip:99.2%
[libx264 @ 000001d710ab3100] coded y,uvDC,uvAC intra: 1.1% 0.0% 0.0% inter: 0.1% 0.0% 0.0%
[libx264 @ 000001d710ab3100] i16 v,h,dc,p: 99%  0%  1%  0%
[libx264 @ 000001d710ab3100] i4 v,h,dc,ddl,ddr,vr,hd,vl,hu: 33% 15% 30%  5%  4%  3%  4%  3%  2%
[libx264 @ 000001d710ab3100] i8c dc,h,v,p: 100%  0%  0%  0%
[libx264 @ 000001d710ab3100] ref P L0: 78.7%  7.3% 13.9%
[libx264 @ 000001d710ab3100] kb/s:889.87
